<?xml version="1.0" encoding="UTF-8"?>
<!-- Generated by org.testng.reporters.JUnitXMLReporter -->
<testsuite hostname="E0273819" name="SearchTest" tests="10" failures="1" timestamp="12 Dec 2017 12:10:01 GMT" time="238.308" errors="0">
  <testcase name="clickShowButton" time="13.494" classname="com.lieferando.suite.TestAddressSearch"/>
  <testcase name="testSearchAddress" time="18.7" classname="com.lieferando.suite.TestAddressSearch"/>
  <testcase name="testInvalidSearchString" time="15.985" classname="com.lieferando.suite.TestAddressSearch"/>
  <testcase name="testSearchPincode" time="14.579" classname="com.lieferando.suite.TestAddressSearch"/>
  <testcase name="selectAnySuggestion" time="18.106" classname="com.lieferando.suite.TestAddressSearch"/>
  <testcase name="verifyGUI" time="16.676" classname="com.lieferando.suite.TestAddressSearch"/>
  <testcase name="testSearchIncorrectPincode" time="15.322" classname="com.lieferando.suite.TestAddressSearch"/>
  <testcase name="verifyIncompleteAddress" time="16.711" classname="com.lieferando.suite.TestAddressSearch"/>
  <testcase name="testSearchAddressUsingShow" time="14.164" classname="com.lieferando.suite.TestAddressSearch">
    <failure type="org.openqa.selenium.ElementNotVisibleException" message="element not visible
  (Session info: chrome=62.0.3202.94)
  (Driver info: chromedriver=2.33.506120 (e3e53437346286c0bc2d2dc9aa4915ba81d9023f),platform=Windows NT 10.0.14393 x86_64) (WARNING: The server did not provide any stacktrace information)
Command duration or timeout: 25 milliseconds
Build info: version: &amp;apos;2.45.0&amp;apos;, revision: &amp;apos;5017cb8e7ca8e37638dc3091b2440b90a1d8686f&amp;apos;, time: &amp;apos;2015-02-27 09:10:26&amp;apos;
System info: host: &amp;apos;E0273819&amp;apos;, ip: &amp;apos;47.73.99.2&amp;apos;, os.name: &amp;apos;Windows 10&amp;apos;, os.arch: &amp;apos;x86&amp;apos;, os.version: &amp;apos;10.0&amp;apos;, java.version: &amp;apos;1.8.0_121&amp;apos;
Driver info: org.openqa.selenium.chrome.ChromeDriver
Capabilities [{applicationCacheEnabled=false, rotatable=false, mobileEmulationEnabled=false, networkConnectionEnabled=false, chrome={chromedriverVersion=2.33.506120 (e3e53437346286c0bc2d2dc9aa4915ba81d9023f), userDataDir=C:\Users\ALOYSI~1\AppData\Local\Temp\scoped_dir24096_28376}, takesHeapSnapshot=true, pageLoadStrategy=normal, databaseEnabled=false, handlesAlerts=true, hasTouchScreen=false, version=62.0.3202.94, platform=XP, browserConnectionEnabled=false, nativeEvents=true, acceptSslCerts=true, locationContextEnabled=true, webStorageEnabled=true, browserName=chrome, takesScreenshot=true, javascriptEnabled=true, cssSelectorsEnabled=true, setWindowRect=true, unexpectedAlertBehaviour=}]
Session ID: 03941c68cbd22a32ab875acf77064e6b">
      <![CDATA[org.openqa.selenium.ElementNotVisibleException: element not visible
  (Session info: chrome=62.0.3202.94)
  (Driver info: chromedriver=2.33.506120 (e3e53437346286c0bc2d2dc9aa4915ba81d9023f),platform=Windows NT 10.0.14393 x86_64) (WARNING: The server did not provide any stacktrace information)
Command duration or timeout: 25 milliseconds
Build info: version: '2.45.0', revision: '5017cb8e7ca8e37638dc3091b2440b90a1d8686f', time: '2015-02-27 09:10:26'
System info: host: 'E0273819', ip: '47.73.99.2', os.name: 'Windows 10', os.arch: 'x86', os.version: '10.0', java.version: '1.8.0_121'
Driver info: org.openqa.selenium.chrome.ChromeDriver
Capabilities [{applicationCacheEnabled=false, rotatable=false, mobileEmulationEnabled=false, networkConnectionEnabled=false, chrome={chromedriverVersion=2.33.506120 (e3e53437346286c0bc2d2dc9aa4915ba81d9023f), userDataDir=C:\Users\ALOYSI~1\AppData\Local\Temp\scoped_dir24096_28376}, takesHeapSnapshot=true, pageLoadStrategy=normal, databaseEnabled=false, handlesAlerts=true, hasTouchScreen=false, version=62.0.3202.94, platform=XP, browserConnectionEnabled=false, nativeEvents=true, acceptSslCerts=true, locationContextEnabled=true, webStorageEnabled=true, browserName=chrome, takesScreenshot=true, javascriptEnabled=true, cssSelectorsEnabled=true, setWindowRect=true, unexpectedAlertBehaviour=}]
Session ID: 03941c68cbd22a32ab875acf77064e6b
	at org.openqa.selenium.remote.ErrorHandler.createThrowable(ErrorHandler.java:204)
	at org.openqa.selenium.remote.ErrorHandler.throwIfResponseFailed(ErrorHandler.java:156)
	at org.openqa.selenium.remote.RemoteWebDriver.execute(RemoteWebDriver.java:599)
	at org.openqa.selenium.remote.RemoteWebElement.execute(RemoteWebElement.java:268)
	at org.openqa.selenium.remote.RemoteWebElement.click(RemoteWebElement.java:79)
	at com.lieferando.page.HomePage.searchUsingShowAndGetFirstSuggestion(HomePage.java:202)
	at com.lieferando.suite.TestAddressSearch.testSearchAddressUsingShow(TestAddressSearch.java:284)
... Removed 31 stack frames]]>
    </failure>
  </testcase> <!-- testSearchAddressUsingShow -->
  <testcase name="testInvalidSearchStringUsingShow" time="15.148" classname="com.lieferando.suite.TestAddressSearch"/>
</testsuite> <!-- SearchTest -->
